<?xml version="1.0" encoding="UTF-8"?>
<testsuite xmlns:xsi="http://www.w3.org/2001/XMLSchema-instance" xsi:noNamespaceSchemaLocation="https://maven.apache.org/surefire/maven-surefire-plugin/xsd/surefire-test-report-3.0.xsd" version="3.0" name="com.example.CommentApiTest" time="7.678" tests="2" errors="0" skipped="0" failures="0">
  <properties>
[...]
</properties>
  <testcase name="getComment_shouldReturnResource" classname="com.example.CommentApiTest" time="6.767">
    <system-out><![CDATA[Request method:	GET
Request URI:	https://jsonplaceholder.typicode.com/posts/12
Proxy:			<none>
Request params:	<none>
Query params:	<none>
Form params:	<none>
Path params:	<none>
Headers:		Accept=*/*
Cookies:		<none>
Multiparts:		<none>
Body:			<none>
{
    "userId": 2,
    "id": 12,
    "title": "in quibusdam tempore odit est dolorem",
    "body": "itaque id aut magnam\npraesentium quia et ea odit et ea voluptas et\nsapiente quia nihil amet occaecati quia id voluptatem\nincidunt ea est distinctio odio"
}
]]></system-out>
  </testcase>
  <testcase name="postComment_shouldReturnCorrectData" classname="com.example.CommentApiTest" time="0.835">
    <system-out><![CDATA[Request method:	POST
Request URI:	https://jsonplaceholder.typicode.com/comments
Proxy:			<none>
Request params:	<none>
Query params:	<none>
Form params:	<none>
Path params:	<none>
Headers:		Accept=*/*
				Content-Type=application/json
Cookies:		<none>
Multiparts:		<none>
Body:
{
    "postId": 1,
    "name": "Test User",
    "email": "test@example.com",
    "body": "This is a test comment."
}
HTTP/1.1 201 Created
Date: Sat, 07 Jun 2025 16:42:19 GMT
Content-Type: application/json; charset=utf-8
Content-Length: 121
Connection: keep-alive
Access-Control-Allow-Credentials: true
Access-Control-Expose-Headers: Location
Cache-Control: no-cache
Etag: W/"79-h221OaOiL4L9jsJq9aftXTPdgAE"
Expires: -1
Location: https://jsonplaceholder.typicode.com/comments/501
Nel: {"report_to":"heroku-nel","response_headers":["Via"],"max_age":3600,"success_fraction":0.01,"failure_fraction":0.1}
Pragma: no-cache
Report-To: {"group":"heroku-nel","endpoints":[{"url":"https://nel.heroku.com/reports?s=GprWj84SY88l46xCupiyK1qSKZcAoi31594Sr1dBXCA%3D\u0026sid=e11707d5-02a7-43ef-b45e-2cf4d2036f7d\u0026ts=1749314539"}],"max_age":3600}
Reporting-Endpoints: heroku-nel="https://nel.heroku.com/reports?s=GprWj84SY88l46xCupiyK1qSKZcAoi31594Sr1dBXCA%3D&sid=e11707d5-02a7-43ef-b45e-2cf4d2036f7d&ts=1749314539"
Server: cloudflare
Vary: Origin, X-HTTP-Method-Override, Accept-Encoding
Via: 2.0 heroku-router
X-Content-Type-Options: nosniff
X-Powered-By: Express
X-Ratelimit-Limit: 1000
X-Ratelimit-Remaining: 999
X-Ratelimit-Reset: 1749314584
Cf-Cache-Status: DYNAMIC
CF-RAY: 94c19a1e19e13302-LHR
alt-svc: h3=":443"; ma=86400

{
    "postId": 1,
    "name": "Test User",
    "email": "test@example.com",
    "body": "This is a test comment.",
    "id": 501
}
]]></system-out>
  </testcase>
</testsuite>